<?xml version="1.0" encoding="UTF-8"?>
<testsuite name="com.example.app.AppApplicationTests" tests="1" skipped="0" failures="0" errors="0" timestamp="2022-05-12T04:15:15" hostname="d36963f9b121" time="3.229">
  <properties/>
  <testcase name="testHello()" classname="com.example.app.AppApplicationTests" time="3.229"/>
  <system-out><![CDATA[04:14:17.017 [Test worker] DEBUG org.springframework.test.context.BootstrapUtils - Instantiating CacheAwareContextLoaderDelegate from class [org.springframework.test.context.cache.DefaultCacheAwareContextLoaderDelegate]
04:14:17.241 [Test worker] DEBUG org.springframework.test.context.BootstrapUtils - Instantiating BootstrapContext using constructor [public org.springframework.test.context.support.DefaultBootstrapContext(java.lang.Class,org.springframework.test.context.CacheAwareContextLoaderDelegate)]
04:14:17.815 [Test worker] DEBUG org.springframework.test.context.BootstrapUtils - Instantiating TestContextBootstrapper for test class [com.example.app.AppApplicationTests] from class [org.springframework.boot.test.context.SpringBootTestContextBootstrapper]
04:14:18.061 [Test worker] INFO org.springframework.boot.test.context.SpringBootTestContextBootstrapper - Neither @ContextConfiguration nor @ContextHierarchy found for test class [com.example.app.AppApplicationTests], using SpringBootContextLoader
04:14:18.100 [Test worker] DEBUG org.springframework.test.context.support.AbstractContextLoader - Did not detect default resource location for test class [com.example.app.AppApplicationTests]: class path resource [com/example/app/AppApplicationTests-context.xml] does not exist
04:14:18.105 [Test worker] DEBUG org.springframework.test.context.support.AbstractContextLoader - Did not detect default resource location for test class [com.example.app.AppApplicationTests]: class path resource [com/example/app/AppApplicationTestsContext.groovy] does not exist
04:14:18.106 [Test worker] INFO org.springframework.test.context.support.AbstractContextLoader - Could not detect default resource locations for test class [com.example.app.AppApplicationTests]: no resource found for suffixes {-context.xml, Context.groovy}.
04:14:18.112 [Test worker] INFO org.springframework.test.context.support.AnnotationConfigContextLoaderUtils - Could not detect default configuration classes for test class [com.example.app.AppApplicationTests]: AppApplicationTests does not declare any static, non-private, non-final, nested classes annotated with @Configuration.
04:14:18.624 [Test worker] DEBUG org.springframework.test.context.support.ActiveProfilesUtils - Could not find an 'annotation declaring class' for annotation type [org.springframework.test.context.ActiveProfiles] and class [com.example.app.AppApplicationTests]
04:14:19.123 [Test worker] DEBUG org.springframework.context.annotation.ClassPathScanningCandidateComponentProvider - Identified candidate component class: file [/srv/build/classes/java/main/com/example/app/AppApplication.class]
04:14:19.127 [Test worker] INFO org.springframework.boot.test.context.SpringBootTestContextBootstrapper - Found @SpringBootConfiguration com.example.app.AppApplication for test class com.example.app.AppApplicationTests
04:14:20.187 [Test worker] DEBUG org.springframework.boot.test.context.SpringBootTestContextBootstrapper - @TestExecutionListeners is not present for class [com.example.app.AppApplicationTests]: using defaults.
04:14:20.188 [Test worker] INFO org.springframework.boot.test.context.SpringBootTestContextBootstrapper - Loaded default TestExecutionListener class names from location [META-INF/spring.factories]: [org.springframework.boot.test.autoconfigure.restdocs.RestDocsTestExecutionListener, org.springframework.boot.test.autoconfigure.web.client.MockRestServiceServerResetTestExecutionListener, org.springframework.boot.test.autoconfigure.web.servlet.MockMvcPrintOnlyOnFailureTestExecutionListener, org.springframework.boot.test.autoconfigure.web.servlet.WebDriverTestExecutionListener, org.springframework.boot.test.autoconfigure.webservices.client.MockWebServiceServerTestExecutionListener, org.springframework.boot.test.mock.mockito.MockitoTestExecutionListener, org.springframework.boot.test.mock.mockito.ResetMocksTestExecutionListener, org.springframework.test.context.web.ServletTestExecutionListener, org.springframework.test.context.support.DirtiesContextBeforeModesTestExecutionListener, org.springframework.test.context.event.ApplicationEventsTestExecutionListener, org.springframework.test.context.support.DependencyInjectionTestExecutionListener, org.springframework.test.context.support.DirtiesContextTestExecutionListener, org.springframework.test.context.transaction.TransactionalTestExecutionListener, org.springframework.test.context.jdbc.SqlScriptsTestExecutionListener, org.springframework.test.context.event.EventPublishingTestExecutionListener]
04:14:20.427 [Test worker] INFO org.springframework.boot.test.context.SpringBootTestContextBootstrapper - Using TestExecutionListeners: [org.springframework.test.context.web.ServletTestExecutionListener@a146b11, org.springframework.test.context.support.DirtiesContextBeforeModesTestExecutionListener@f438904, org.springframework.test.context.event.ApplicationEventsTestExecutionListener@4ed5a1b0, org.springframework.boot.test.mock.mockito.MockitoTestExecutionListener@18d003cd, org.springframework.boot.test.autoconfigure.SpringBootDependencyInjectionTestExecutionListener@3135bf25, org.springframework.test.context.support.DirtiesContextTestExecutionListener@22ad1bae, org.springframework.test.context.transaction.TransactionalTestExecutionListener@4116f66a, org.springframework.test.context.jdbc.SqlScriptsTestExecutionListener@59c04bee, org.springframework.test.context.event.EventPublishingTestExecutionListener@45900b64, org.springframework.boot.test.autoconfigure.restdocs.RestDocsTestExecutionListener@f2a1813, org.springframework.boot.test.autoconfigure.web.client.MockRestServiceServerResetTestExecutionListener@79f90a3a, org.springframework.boot.test.autoconfigure.web.servlet.MockMvcPrintOnlyOnFailureTestExecutionListener@22bdb1d0, org.springframework.boot.test.autoconfigure.web.servlet.WebDriverTestExecutionListener@67b355c8, org.springframework.boot.test.autoconfigure.webservices.client.MockWebServiceServerTestExecutionListener@388623ad, org.springframework.boot.test.mock.mockito.ResetMocksTestExecutionListener@91f565d]
04:14:20.472 [Test worker] DEBUG org.springframework.test.context.support.AbstractDirtiesContextTestExecutionListener - Before test class: context [DefaultTestContext@c889805 testClass = AppApplicationTests, testInstance = [null], testMethod = [null], testException = [null], mergedContextConfiguration = [WebMergedContextConfiguration@77db3d02 testClass = AppApplicationTests, locations = '{}', classes = '{class com.example.app.AppApplication}', contextInitializerClasses = '[]', activeProfiles = '{}', propertySourceLocations = '{}', propertySourceProperties = '{org.springframework.boot.test.context.SpringBootTestContextBootstrapper=true, server.port=0}', contextCustomizers = set[org.springframework.boot.test.autoconfigure.actuate.metrics.MetricsExportContextCustomizerFactory$DisableMetricExportContextCustomizer@5833f5cd, org.springframework.boot.test.autoconfigure.properties.PropertyMappingContextCustomizer@0, org.springframework.boot.test.autoconfigure.web.servlet.WebDriverContextCustomizerFactory$Customizer@64f16277, org.springframework.boot.test.context.filter.ExcludeFilterContextCustomizer@21e20ad5, org.springframework.boot.test.json.DuplicateJsonObjectContextCustomizerFactory$DuplicateJsonObjectContextCustomizer@336880df, org.springframework.boot.test.mock.mockito.MockitoContextCustomizer@0, org.springframework.boot.test.web.client.TestRestTemplateContextCustomizer@1b4ae4e0, org.springframework.boot.test.web.reactive.server.WebTestClientContextCustomizer@3baf6936, org.springframework.boot.test.context.SpringBootTestArgs@1, org.springframework.boot.test.context.SpringBootTestWebEnvironment@1623134f], resourceBasePath = 'src/main/webapp', contextLoader = 'org.springframework.boot.test.context.SpringBootContextLoader', parent = [null]], attributes = map['org.springframework.test.context.web.ServletTestExecutionListener.activateListener' -> false]], class annotated with @DirtiesContext [false] with mode [null].
04:14:21.834 [Finalizer] DEBUG org.apache.http.impl.conn.PoolingHttpClientConnectionManager - Connection manager is shutting down
04:14:21.842 [Finalizer] DEBUG org.apache.http.impl.conn.PoolingHttpClientConnectionManager - Connection manager shut down
04:14:24.609 [Test worker] DEBUG org.springframework.test.context.support.DependencyInjectionTestExecutionListener - Performing dependency injection for test context [[DefaultTestContext@c889805 testClass = AppApplicationTests, testInstance = com.example.app.AppApplicationTests@4b9fa2f, testMethod = [null], testException = [null], mergedContextConfiguration = [WebMergedContextConfiguration@77db3d02 testClass = AppApplicationTests, locations = '{}', classes = '{class com.example.app.AppApplication}', contextInitializerClasses = '[]', activeProfiles = '{}', propertySourceLocations = '{}', propertySourceProperties = '{org.springframework.boot.test.context.SpringBootTestContextBootstrapper=true, server.port=0}', contextCustomizers = set[org.springframework.boot.test.autoconfigure.actuate.metrics.MetricsExportContextCustomizerFactory$DisableMetricExportContextCustomizer@5833f5cd, org.springframework.boot.test.autoconfigure.properties.PropertyMappingContextCustomizer@0, org.springframework.boot.test.autoconfigure.web.servlet.WebDriverContextCustomizerFactory$Customizer@64f16277, org.springframework.boot.test.context.filter.ExcludeFilterContextCustomizer@21e20ad5, org.springframework.boot.test.json.DuplicateJsonObjectContextCustomizerFactory$DuplicateJsonObjectContextCustomizer@336880df, org.springframework.boot.test.mock.mockito.MockitoContextCustomizer@0, org.springframework.boot.test.web.client.TestRestTemplateContextCustomizer@1b4ae4e0, org.springframework.boot.test.web.reactive.server.WebTestClientContextCustomizer@3baf6936, org.springframework.boot.test.context.SpringBootTestArgs@1, org.springframework.boot.test.context.SpringBootTestWebEnvironment@1623134f], resourceBasePath = 'src/main/webapp', contextLoader = 'org.springframework.boot.test.context.SpringBootContextLoader', parent = [null]], attributes = map['org.springframework.test.context.web.ServletTestExecutionListener.activateListener' -> false, 'org.springframework.test.context.event.ApplicationEventsTestExecutionListener.recordApplicationEvents' -> false]]].

  .   ____          _            __ _ _
 /\\ / ___'_ __ _ _(_)_ __  __ _ \ \ \ \
( ( )\___ | '_ | '_| | '_ \/ _` | \ \ \ \
 \\/  ___)| |_)| | | | | || (_| |  ) ) ) )
  '  |____| .__|_| |_|_| |_\__, | / / / /
 =========|_|==============|___/=/_/_/_/
 :: Spring Boot ::                (v2.6.7)

2022-05-12 04:14:28.396  INFO 539 --- [    Test worker] com.example.app.AppApplicationTests      : Starting AppApplicationTests using Java 15.0.2 on d36963f9b121 with PID 539 (started by root in /srv)
2022-05-12 04:14:28.407  INFO 539 --- [    Test worker] com.example.app.AppApplicationTests      : No active profile set, falling back to 1 default profile: "default"
2022-05-12 04:14:35.069  INFO 539 --- [    Test worker] .s.d.r.c.RepositoryConfigurationDelegate : Bootstrapping Spring Data JPA repositories in DEFAULT mode.
2022-05-12 04:14:36.654  INFO 539 --- [    Test worker] .s.d.r.c.RepositoryConfigurationDelegate : Finished Spring Data repository scanning in 1505 ms. Found 1 JPA repository interfaces.
2022-05-12 04:14:43.049  INFO 539 --- [    Test worker] o.s.b.w.embedded.tomcat.TomcatWebServer  : Tomcat initialized with port(s): 0 (http)
2022-05-12 04:14:43.141  INFO 539 --- [    Test worker] o.apache.catalina.core.StandardService   : Starting service [Tomcat]
2022-05-12 04:14:43.145  INFO 539 --- [    Test worker] org.apache.catalina.core.StandardEngine  : Starting Servlet engine: [Apache Tomcat/9.0.62]
2022-05-12 04:14:43.860  INFO 539 --- [    Test worker] o.a.c.c.C.[Tomcat].[localhost].[/]       : Initializing Spring embedded WebApplicationContext
2022-05-12 04:14:43.865  INFO 539 --- [    Test worker] w.s.c.ServletWebServerApplicationContext : Root WebApplicationContext: initialization completed in 15078 ms
2022-05-12 04:14:46.670  INFO 539 --- [    Test worker] com.zaxxer.hikari.HikariDataSource       : HikariPool-1 - Starting...
2022-05-12 04:14:48.841  INFO 539 --- [    Test worker] com.zaxxer.hikari.HikariDataSource       : HikariPool-1 - Start completed.
2022-05-12 04:14:49.611  INFO 539 --- [    Test worker] o.hibernate.jpa.internal.util.LogHelper  : HHH000204: Processing PersistenceUnitInfo [name: default]
2022-05-12 04:14:50.368  INFO 539 --- [    Test worker] org.hibernate.Version                    : HHH000412: Hibernate ORM core version 5.6.8.Final
2022-05-12 04:14:52.378  INFO 539 --- [    Test worker] o.hibernate.annotations.common.Version   : HCANN000001: Hibernate Commons Annotations {5.1.2.Final}
2022-05-12 04:14:54.556  INFO 539 --- [    Test worker] org.hibernate.dialect.Dialect            : HHH000400: Using dialect: org.hibernate.dialect.MySQL8Dialect
2022-05-12 04:15:01.917  INFO 539 --- [    Test worker] o.h.e.t.j.p.i.JtaPlatformInitiator       : HHH000490: Using JtaPlatform implementation: [org.hibernate.engine.transaction.jta.platform.internal.NoJtaPlatform]
2022-05-12 04:15:02.034  INFO 539 --- [    Test worker] j.LocalContainerEntityManagerFactoryBean : Initialized JPA EntityManagerFactory for persistence unit 'default'
2022-05-12 04:15:06.960  WARN 539 --- [    Test worker] JpaBaseConfiguration$JpaWebConfiguration : spring.jpa.open-in-view is enabled by default. Therefore, database queries may be performed during view rendering. Explicitly configure spring.jpa.open-in-view to disable this warning
2022-05-12 04:15:08.614 DEBUG 539 --- [    Test worker] s.w.s.m.m.a.RequestMappingHandlerAdapter : ControllerAdvice beans: 0 @ModelAttribute, 0 @InitBinder, 1 RequestBodyAdvice, 1 ResponseBodyAdvice
2022-05-12 04:15:09.553 TRACE 539 --- [    Test worker] s.w.s.m.m.a.RequestMappingHandlerMapping : 
	c.e.a.AppApplication:
	{ [/]}: helloWorld()
2022-05-12 04:15:09.582 TRACE 539 --- [    Test worker] s.w.s.m.m.a.RequestMappingHandlerMapping : 
	c.e.a.c.UserController:
	{GET [/users]}: index(Model)
	{GET [/users/new]}: newForm(Model)
	{POST [/users]}: create(User)
	{POST [/users/confirm]}: confirm(String,String,String,Model)
2022-05-12 04:15:09.591 TRACE 539 --- [    Test worker] s.w.s.m.m.a.RequestMappingHandlerMapping : 
	o.s.b.a.w.s.e.BasicErrorController:
	{ [/error]}: error(HttpServletRequest)
	{ [/error], produces [text/html]}: errorHtml(HttpServletRequest,HttpServletResponse)
2022-05-12 04:15:09.607 DEBUG 539 --- [    Test worker] s.w.s.m.m.a.RequestMappingHandlerMapping : 7 mappings in 'requestMappingHandlerMapping'
2022-05-12 04:15:09.665  INFO 539 --- [    Test worker] o.s.b.a.w.s.WelcomePageHandlerMapping    : Adding welcome page template: index
2022-05-12 04:15:10.166 DEBUG 539 --- [    Test worker] o.s.w.s.h.BeanNameUrlHandlerMapping      : Detected 0 mappings in 'beanNameHandlerMapping'
2022-05-12 04:15:10.290 TRACE 539 --- [    Test worker] o.s.w.s.f.support.RouterFunctionMapping  : 0 RouterFunction(s) in 'routerFunctionMapping'
2022-05-12 04:15:10.500 TRACE 539 --- [    Test worker] o.s.w.s.handler.SimpleUrlHandlerMapping  : Mapped [/webjars/**] onto ResourceHttpRequestHandler [classpath [META-INF/resources/webjars/]]
2022-05-12 04:15:10.503 TRACE 539 --- [    Test worker] o.s.w.s.handler.SimpleUrlHandlerMapping  : Mapped [/**] onto ResourceHttpRequestHandler [classpath [META-INF/resources/], classpath [resources/], classpath [static/], classpath [public/], ServletContext [/]]
2022-05-12 04:15:10.508 DEBUG 539 --- [    Test worker] o.s.w.s.handler.SimpleUrlHandlerMapping  : Patterns [/webjars/**, /**] in 'resourceHandlerMapping'
2022-05-12 04:15:10.664 DEBUG 539 --- [    Test worker] .m.m.a.ExceptionHandlerExceptionResolver : ControllerAdvice beans: 0 @ExceptionHandler, 1 ResponseBodyAdvice
2022-05-12 04:15:15.548  INFO 539 --- [    Test worker] o.s.b.w.embedded.tomcat.TomcatWebServer  : Tomcat started on port(s): 40161 (http) with context path ''
2022-05-12 04:15:15.576  INFO 539 --- [    Test worker] com.example.app.AppApplicationTests      : Started AppApplicationTests in 50.71 seconds (JVM running for 64.029)
2022-05-12 04:15:17.371 DEBUG 539 --- [    Test worker] o.s.web.client.RestTemplate              : HTTP GET http://localhost:40161
2022-05-12 04:15:17.383 DEBUG 539 --- [    Test worker] o.s.web.client.RestTemplate              : Accept=[text/plain, application/json, application/*+json, */*]
2022-05-12 04:15:18.250  INFO 539 --- [o-auto-1-exec-1] o.a.c.c.C.[Tomcat].[localhost].[/]       : Initializing Spring DispatcherServlet 'dispatcherServlet'
2022-05-12 04:15:18.253  INFO 539 --- [o-auto-1-exec-1] o.s.web.servlet.DispatcherServlet        : Initializing Servlet 'dispatcherServlet'
2022-05-12 04:15:18.256 TRACE 539 --- [o-auto-1-exec-1] o.s.web.servlet.DispatcherServlet        : Detected org.springframework.web.multipart.support.StandardServletMultipartResolver@11fb91e7
2022-05-12 04:15:18.258 TRACE 539 --- [o-auto-1-exec-1] o.s.web.servlet.DispatcherServlet        : Detected org.springframework.web.servlet.i18n.AcceptHeaderLocaleResolver@4e14a84
2022-05-12 04:15:18.260 TRACE 539 --- [o-auto-1-exec-1] o.s.web.servlet.DispatcherServlet        : Detected org.springframework.web.servlet.theme.FixedThemeResolver@16b6fa67
2022-05-12 04:15:18.262 TRACE 539 --- [o-auto-1-exec-1] o.s.web.servlet.DispatcherServlet        : Detected DefaultRequestToViewNameTranslator
2022-05-12 04:15:18.265 TRACE 539 --- [o-auto-1-exec-1] o.s.web.servlet.DispatcherServlet        : Detected SessionFlashMapManager
2022-05-12 04:15:18.267 DEBUG 539 --- [o-auto-1-exec-1] o.s.web.servlet.DispatcherServlet        : enableLoggingRequestDetails='false': request parameters and headers will be masked to prevent unsafe logging of potentially sensitive data
2022-05-12 04:15:18.268  INFO 539 --- [o-auto-1-exec-1] o.s.web.servlet.DispatcherServlet        : Completed initialization in 13 ms
2022-05-12 04:15:18.352 TRACE 539 --- [o-auto-1-exec-1] o.s.web.servlet.DispatcherServlet        : GET "/", parameters={}, headers={masked} in DispatcherServlet 'dispatcherServlet'
2022-05-12 04:15:18.399 TRACE 539 --- [o-auto-1-exec-1] s.w.s.m.m.a.RequestMappingHandlerMapping : Mapped to com.example.app.AppApplication#helloWorld()
2022-05-12 04:15:18.502 TRACE 539 --- [o-auto-1-exec-1] o.s.web.method.HandlerMethod             : Arguments: []
2022-05-12 04:15:18.578 DEBUG 539 --- [o-auto-1-exec-1] m.m.a.RequestResponseBodyMethodProcessor : Using 'text/plain', given [text/plain, application/json, application/*+json, */*] and supported [text/plain, */*, text/plain, */*, application/json, application/*+json, application/json, application/*+json]
2022-05-12 04:15:18.583 TRACE 539 --- [o-auto-1-exec-1] m.m.a.RequestResponseBodyMethodProcessor : Writing ["Hello World!"]
2022-05-12 04:15:18.659 TRACE 539 --- [o-auto-1-exec-1] s.w.s.m.m.a.RequestMappingHandlerAdapter : Applying default cacheSeconds=-1
2022-05-12 04:15:18.661 TRACE 539 --- [o-auto-1-exec-1] o.s.web.servlet.DispatcherServlet        : No view rendering, null ModelAndView returned.
2022-05-12 04:15:18.663 DEBUG 539 --- [o-auto-1-exec-1] o.s.web.servlet.DispatcherServlet        : Completed 200 OK, headers={masked}
2022-05-12 04:15:18.755 DEBUG 539 --- [    Test worker] o.s.web.client.RestTemplate              : Response 200 OK
2022-05-12 04:15:18.762 DEBUG 539 --- [    Test worker] o.s.web.client.RestTemplate              : Reading to [java.lang.String] as "text/plain;charset=UTF-8"
]]></system-out>
  <system-err><![CDATA[]]></system-err>
</testsuite>
