<?xml version="1.0" encoding="UTF-8"?>
<testsuite name="com.example.app.controller.UserRepositoryTests" tests="1" skipped="0" failures="0" errors="0" timestamp="2022-05-13T01:41:39" hostname="df655297cae3" time="0.044">
  <properties/>
  <testcase name="お問合せデータがちゃんと保存される()" classname="com.example.app.controller.UserRepositoryTests" time="0.044"/>
  <system-out><![CDATA[2022-05-13 01:41:39.344  INFO 864 --- [    Test worker] .b.t.c.SpringBootTestContextBootstrapper : Neither @ContextConfiguration nor @ContextHierarchy found for test class [com.example.app.controller.UserRepositoryTests], using SpringBootContextLoader
2022-05-13 01:41:39.353  INFO 864 --- [    Test worker] o.s.t.c.support.AbstractContextLoader    : Could not detect default resource locations for test class [com.example.app.controller.UserRepositoryTests]: no resource found for suffixes {-context.xml, Context.groovy}.
2022-05-13 01:41:39.355  INFO 864 --- [    Test worker] t.c.s.AnnotationConfigContextLoaderUtils : Could not detect default configuration classes for test class [com.example.app.controller.UserRepositoryTests]: UserRepositoryTests does not declare any static, non-private, non-final, nested classes annotated with @Configuration.
2022-05-13 01:41:39.362  INFO 864 --- [    Test worker] .b.t.c.SpringBootTestContextBootstrapper : Found @SpringBootConfiguration com.example.app.AppApplication for test class com.example.app.controller.UserRepositoryTests
2022-05-13 01:41:39.365  INFO 864 --- [    Test worker] .b.t.c.SpringBootTestContextBootstrapper : Loaded default TestExecutionListener class names from location [META-INF/spring.factories]: [org.springframework.boot.test.autoconfigure.restdocs.RestDocsTestExecutionListener, org.springframework.boot.test.autoconfigure.web.client.MockRestServiceServerResetTestExecutionListener, org.springframework.boot.test.autoconfigure.web.servlet.MockMvcPrintOnlyOnFailureTestExecutionListener, org.springframework.boot.test.autoconfigure.web.servlet.WebDriverTestExecutionListener, org.springframework.boot.test.autoconfigure.webservices.client.MockWebServiceServerTestExecutionListener, org.springframework.boot.test.mock.mockito.MockitoTestExecutionListener, org.springframework.boot.test.mock.mockito.ResetMocksTestExecutionListener, org.springframework.test.context.web.ServletTestExecutionListener, org.springframework.test.context.support.DirtiesContextBeforeModesTestExecutionListener, org.springframework.test.context.event.ApplicationEventsTestExecutionListener, org.springframework.test.context.support.DependencyInjectionTestExecutionListener, org.springframework.test.context.support.DirtiesContextTestExecutionListener, org.springframework.test.context.transaction.TransactionalTestExecutionListener, org.springframework.test.context.jdbc.SqlScriptsTestExecutionListener, org.springframework.test.context.event.EventPublishingTestExecutionListener]
2022-05-13 01:41:39.368  INFO 864 --- [    Test worker] .b.t.c.SpringBootTestContextBootstrapper : Using TestExecutionListeners: [org.springframework.test.context.web.ServletTestExecutionListener@60f14590, org.springframework.test.context.support.DirtiesContextBeforeModesTestExecutionListener@54b81ce2, org.springframework.test.context.event.ApplicationEventsTestExecutionListener@396d2770, org.springframework.boot.test.mock.mockito.MockitoTestExecutionListener@7e0875d6, org.springframework.boot.test.autoconfigure.SpringBootDependencyInjectionTestExecutionListener@143f7242, org.springframework.test.context.support.DirtiesContextTestExecutionListener@f4232b, org.springframework.test.context.transaction.TransactionalTestExecutionListener@50f2c2e2, org.springframework.test.context.jdbc.SqlScriptsTestExecutionListener@6de9bbef, org.springframework.test.context.event.EventPublishingTestExecutionListener@2ab7972, org.springframework.boot.test.autoconfigure.restdocs.RestDocsTestExecutionListener@2367ff77, org.springframework.boot.test.autoconfigure.web.client.MockRestServiceServerResetTestExecutionListener@65c4dc2b, org.springframework.boot.test.autoconfigure.web.servlet.MockMvcPrintOnlyOnFailureTestExecutionListener@45d235bf, org.springframework.boot.test.autoconfigure.web.servlet.WebDriverTestExecutionListener@1c6ba49e, org.springframework.boot.test.autoconfigure.webservices.client.MockWebServiceServerTestExecutionListener@6b7c23, org.springframework.boot.test.mock.mockito.ResetMocksTestExecutionListener@438dcd81]
2022-05-13 01:41:39.387  INFO 864 --- [    Test worker] o.s.t.c.transaction.TransactionContext   : Began transaction (1) for test context [DefaultTestContext@56a86ebc testClass = UserRepositoryTests, testInstance = com.example.app.controller.UserRepositoryTests@df98a2e, testMethod = お問合せデータがちゃんと保存される@UserRepositoryTests, testException = [null], mergedContextConfiguration = [WebMergedContextConfiguration@2035bfd5 testClass = UserRepositoryTests, locations = '{}', classes = '{class com.example.app.AppApplication}', contextInitializerClasses = '[]', activeProfiles = '{}', propertySourceLocations = '{}', propertySourceProperties = '{org.springframework.boot.test.context.SpringBootTestContextBootstrapper=true}', contextCustomizers = set[org.springframework.boot.test.autoconfigure.actuate.metrics.MetricsExportContextCustomizerFactory$DisableMetricExportContextCustomizer@7a1f45ed, org.springframework.boot.test.autoconfigure.properties.PropertyMappingContextCustomizer@0, org.springframework.boot.test.autoconfigure.web.servlet.WebDriverContextCustomizerFactory$Customizer@8ee0c23, [ImportsContextCustomizer@40bd636 key = [org.springframework.boot.test.context.TestConfiguration]], org.springframework.boot.test.context.filter.ExcludeFilterContextCustomizer@763cf5b9, org.springframework.boot.test.json.DuplicateJsonObjectContextCustomizerFactory$DuplicateJsonObjectContextCustomizer@3ed03652, org.springframework.boot.test.mock.mockito.MockitoContextCustomizer@0, org.springframework.boot.test.web.client.TestRestTemplateContextCustomizer@5fac521d, org.springframework.boot.test.web.reactive.server.WebTestClientContextCustomizer@7f08caf, org.springframework.boot.test.context.SpringBootTestArgs@1, org.springframework.boot.test.context.SpringBootTestWebEnvironment@29ef6856], resourceBasePath = 'src/main/webapp', contextLoader = 'org.springframework.boot.test.context.SpringBootContextLoader', parent = [null]], attributes = map['org.springframework.test.context.web.ServletTestExecutionListener.activateListener' -> true, 'org.springframework.test.context.web.ServletTestExecutionListener.populatedRequestContextHolder' -> true, 'org.springframework.test.context.web.ServletTestExecutionListener.resetRequestContextHolder' -> true, 'org.springframework.test.context.event.ApplicationEventsTestExecutionListener.recordApplicationEvents' -> false]]; transaction manager [org.springframework.orm.jpa.JpaTransactionManager@143b0272]; rollback [true]
2022-05-13 01:41:39.425  INFO 864 --- [    Test worker] o.s.t.c.transaction.TransactionContext   : Rolled back transaction for test: [DefaultTestContext@56a86ebc testClass = UserRepositoryTests, testInstance = com.example.app.controller.UserRepositoryTests@df98a2e, testMethod = お問合せデータがちゃんと保存される@UserRepositoryTests, testException = [null], mergedContextConfiguration = [WebMergedContextConfiguration@2035bfd5 testClass = UserRepositoryTests, locations = '{}', classes = '{class com.example.app.AppApplication}', contextInitializerClasses = '[]', activeProfiles = '{}', propertySourceLocations = '{}', propertySourceProperties = '{org.springframework.boot.test.context.SpringBootTestContextBootstrapper=true}', contextCustomizers = set[org.springframework.boot.test.autoconfigure.actuate.metrics.MetricsExportContextCustomizerFactory$DisableMetricExportContextCustomizer@7a1f45ed, org.springframework.boot.test.autoconfigure.properties.PropertyMappingContextCustomizer@0, org.springframework.boot.test.autoconfigure.web.servlet.WebDriverContextCustomizerFactory$Customizer@8ee0c23, [ImportsContextCustomizer@40bd636 key = [org.springframework.boot.test.context.TestConfiguration]], org.springframework.boot.test.context.filter.ExcludeFilterContextCustomizer@763cf5b9, org.springframework.boot.test.json.DuplicateJsonObjectContextCustomizerFactory$DuplicateJsonObjectContextCustomizer@3ed03652, org.springframework.boot.test.mock.mockito.MockitoContextCustomizer@0, org.springframework.boot.test.web.client.TestRestTemplateContextCustomizer@5fac521d, org.springframework.boot.test.web.reactive.server.WebTestClientContextCustomizer@7f08caf, org.springframework.boot.test.context.SpringBootTestArgs@1, org.springframework.boot.test.context.SpringBootTestWebEnvironment@29ef6856], resourceBasePath = 'src/main/webapp', contextLoader = 'org.springframework.boot.test.context.SpringBootContextLoader', parent = [null]], attributes = map['org.springframework.test.context.web.ServletTestExecutionListener.activateListener' -> true, 'org.springframework.test.context.web.ServletTestExecutionListener.populatedRequestContextHolder' -> true, 'org.springframework.test.context.web.ServletTestExecutionListener.resetRequestContextHolder' -> true, 'org.springframework.test.context.event.ApplicationEventsTestExecutionListener.recordApplicationEvents' -> false]]
]]></system-out>
  <system-err><![CDATA[]]></system-err>
</testsuite>
