<?xml version="1.0" encoding="UTF-8"?>
<testsuite name="com.example.app.controller.UserControllerTest" tests="4" skipped="0" failures="0" errors="0" timestamp="2022-05-13T01:41:38" hostname="df655297cae3" time="0.538">
  <properties/>
  <testcase name="お問合せ作成画面が問題なく表示される()" classname="com.example.app.controller.UserControllerTest" time="0.207"/>
  <testcase name="新規お問合せ作成後確認画面が表示される()" classname="com.example.app.controller.UserControllerTest" time="0.062"/>
  <testcase name="確認画面からお問合せ作成後完了画面が表示される()" classname="com.example.app.controller.UserControllerTest" time="0.074"/>
  <testcase name="お問合せ一覧画面が問題なく表示される()" classname="com.example.app.controller.UserControllerTest" time="0.19"/>
  <system-out><![CDATA[2022-05-13 01:41:30.899  INFO 864 --- [    Test worker] .b.t.c.SpringBootTestContextBootstrapper : Neither @ContextConfiguration nor @ContextHierarchy found for test class [com.example.app.controller.UserControllerTest], using SpringBootContextLoader
2022-05-13 01:41:30.910  INFO 864 --- [    Test worker] o.s.t.c.support.AbstractContextLoader    : Could not detect default resource locations for test class [com.example.app.controller.UserControllerTest]: no resource found for suffixes {-context.xml, Context.groovy}.
2022-05-13 01:41:30.911  INFO 864 --- [    Test worker] t.c.s.AnnotationConfigContextLoaderUtils : Could not detect default configuration classes for test class [com.example.app.controller.UserControllerTest]: UserControllerTest does not declare any static, non-private, non-final, nested classes annotated with @Configuration.
2022-05-13 01:41:30.919  INFO 864 --- [    Test worker] .b.t.c.SpringBootTestContextBootstrapper : Found @SpringBootConfiguration com.example.app.AppApplication for test class com.example.app.controller.UserControllerTest
2022-05-13 01:41:30.922  INFO 864 --- [    Test worker] .b.t.c.SpringBootTestContextBootstrapper : Loaded default TestExecutionListener class names from location [META-INF/spring.factories]: [org.springframework.boot.test.autoconfigure.restdocs.RestDocsTestExecutionListener, org.springframework.boot.test.autoconfigure.web.client.MockRestServiceServerResetTestExecutionListener, org.springframework.boot.test.autoconfigure.web.servlet.MockMvcPrintOnlyOnFailureTestExecutionListener, org.springframework.boot.test.autoconfigure.web.servlet.WebDriverTestExecutionListener, org.springframework.boot.test.autoconfigure.webservices.client.MockWebServiceServerTestExecutionListener, org.springframework.boot.test.mock.mockito.MockitoTestExecutionListener, org.springframework.boot.test.mock.mockito.ResetMocksTestExecutionListener, org.springframework.test.context.web.ServletTestExecutionListener, org.springframework.test.context.support.DirtiesContextBeforeModesTestExecutionListener, org.springframework.test.context.event.ApplicationEventsTestExecutionListener, org.springframework.test.context.support.DependencyInjectionTestExecutionListener, org.springframework.test.context.support.DirtiesContextTestExecutionListener, org.springframework.test.context.transaction.TransactionalTestExecutionListener, org.springframework.test.context.jdbc.SqlScriptsTestExecutionListener, org.springframework.test.context.event.EventPublishingTestExecutionListener]
2022-05-13 01:41:30.924  INFO 864 --- [    Test worker] .b.t.c.SpringBootTestContextBootstrapper : Using TestExecutionListeners: [org.springframework.test.context.web.ServletTestExecutionListener@1b5e8a1a, org.springframework.test.context.support.DirtiesContextBeforeModesTestExecutionListener@7865fefc, org.springframework.test.context.event.ApplicationEventsTestExecutionListener@38d46745, org.springframework.boot.test.mock.mockito.MockitoTestExecutionListener@7a5dd7f0, org.springframework.boot.test.autoconfigure.SpringBootDependencyInjectionTestExecutionListener@153c8cfb, org.springframework.test.context.support.DirtiesContextTestExecutionListener@42f902be, org.springframework.test.context.transaction.TransactionalTestExecutionListener@598cabeb, org.springframework.test.context.jdbc.SqlScriptsTestExecutionListener@4dfa057d, org.springframework.test.context.event.EventPublishingTestExecutionListener@3c50036d, org.springframework.boot.test.autoconfigure.restdocs.RestDocsTestExecutionListener@36360aab, org.springframework.boot.test.autoconfigure.web.client.MockRestServiceServerResetTestExecutionListener@a592c75, org.springframework.boot.test.autoconfigure.web.servlet.MockMvcPrintOnlyOnFailureTestExecutionListener@171501ae, org.springframework.boot.test.autoconfigure.web.servlet.WebDriverTestExecutionListener@2b62234a, org.springframework.boot.test.autoconfigure.webservices.client.MockWebServiceServerTestExecutionListener@2d8717df, org.springframework.boot.test.mock.mockito.ResetMocksTestExecutionListener@6efebc9e]

  .   ____          _            __ _ _
 /\\ / ___'_ __ _ _(_)_ __  __ _ \ \ \ \
( ( )\___ | '_ | '_| | '_ \/ _` | \ \ \ \
 \\/  ___)| |_)| | | | | || (_| |  ) ) ) )
  '  |____| .__|_| |_|_| |_\__, | / / / /
 =========|_|==============|___/=/_/_/_/
 :: Spring Boot ::                (v2.6.7)

2022-05-13 01:41:31.139  INFO 864 --- [    Test worker] c.e.app.controller.UserControllerTest    : Starting UserControllerTest using Java 15.0.2 on df655297cae3 with PID 864 (started by root in /srv)
2022-05-13 01:41:31.144  INFO 864 --- [    Test worker] c.e.app.controller.UserControllerTest    : No active profile set, falling back to 1 default profile: "default"
2022-05-13 01:41:31.168 TRACE 864 --- [    Test worker] o.s.w.c.s.GenericWebApplicationContext   : Refreshing org.springframework.web.context.support.GenericWebApplicationContext@fec97ae, started on Fri May 13 01:41:31 UTC 2022
2022-05-13 01:41:32.661  INFO 864 --- [    Test worker] .s.d.r.c.RepositoryConfigurationDelegate : Bootstrapping Spring Data JPA repositories in DEFAULT mode.
2022-05-13 01:41:32.716  INFO 864 --- [    Test worker] .s.d.r.c.RepositoryConfigurationDelegate : Finished Spring Data repository scanning in 52 ms. Found 1 JPA repository interfaces.
2022-05-13 01:41:33.315 TRACE 864 --- [    Test worker] o.s.w.c.s.GenericWebApplicationContext   : No 'messageSource' bean, using [Empty MessageSource]
2022-05-13 01:41:33.317 TRACE 864 --- [    Test worker] o.s.w.c.s.GenericWebApplicationContext   : No 'applicationEventMulticaster' bean, using [SimpleApplicationEventMulticaster]
2022-05-13 01:41:33.595  INFO 864 --- [    Test worker] com.zaxxer.hikari.HikariDataSource       : HikariPool-4 - Starting...
2022-05-13 01:41:33.618  INFO 864 --- [    Test worker] com.zaxxer.hikari.HikariDataSource       : HikariPool-4 - Start completed.
2022-05-13 01:41:33.767  INFO 864 --- [    Test worker] o.hibernate.jpa.internal.util.LogHelper  : HHH000204: Processing PersistenceUnitInfo [name: default]
2022-05-13 01:41:33.942  INFO 864 --- [    Test worker] org.hibernate.dialect.Dialect            : HHH000400: Using dialect: org.hibernate.dialect.MySQL8Dialect
2022-05-13 01:41:34.098  INFO 864 --- [    Test worker] o.h.e.t.j.p.i.JtaPlatformInitiator       : HHH000490: Using JtaPlatform implementation: [org.hibernate.engine.transaction.jta.platform.internal.NoJtaPlatform]
2022-05-13 01:41:34.100  INFO 864 --- [    Test worker] j.LocalContainerEntityManagerFactoryBean : Initialized JPA EntityManagerFactory for persistence unit 'default'
2022-05-13 01:41:35.547  WARN 864 --- [    Test worker] JpaBaseConfiguration$JpaWebConfiguration : spring.jpa.open-in-view is enabled by default. Therefore, database queries may be performed during view rendering. Explicitly configure spring.jpa.open-in-view to disable this warning
2022-05-13 01:41:36.211 DEBUG 864 --- [    Test worker] s.w.s.m.m.a.RequestMappingHandlerAdapter : ControllerAdvice beans: 0 @ModelAttribute, 0 @InitBinder, 1 RequestBodyAdvice, 1 ResponseBodyAdvice
2022-05-13 01:41:36.363 TRACE 864 --- [    Test worker] s.w.s.m.m.a.RequestMappingHandlerMapping : 
	c.e.a.AppApplication:
	{ [/]}: helloWorld()
2022-05-13 01:41:36.366 TRACE 864 --- [    Test worker] s.w.s.m.m.a.RequestMappingHandlerMapping : 
	c.e.a.c.UserController:
	{GET [/users]}: index(Model)
	{GET [/users/new]}: newForm(Model)
	{POST [/users]}: create(User)
	{POST [/users/confirm]}: confirm(String,String,String,Model)
2022-05-13 01:41:36.370 TRACE 864 --- [    Test worker] s.w.s.m.m.a.RequestMappingHandlerMapping : 
	o.s.b.a.w.s.e.BasicErrorController:
	{ [/error]}: error(HttpServletRequest)
	{ [/error], produces [text/html]}: errorHtml(HttpServletRequest,HttpServletResponse)
2022-05-13 01:41:36.374 DEBUG 864 --- [    Test worker] s.w.s.m.m.a.RequestMappingHandlerMapping : 7 mappings in 'requestMappingHandlerMapping'
2022-05-13 01:41:36.423  INFO 864 --- [    Test worker] o.s.b.a.w.s.WelcomePageHandlerMapping    : Adding welcome page template: index
2022-05-13 01:41:36.723 DEBUG 864 --- [    Test worker] o.s.w.s.h.BeanNameUrlHandlerMapping      : Detected 0 mappings in 'beanNameHandlerMapping'
2022-05-13 01:41:36.817 TRACE 864 --- [    Test worker] o.s.w.s.f.support.RouterFunctionMapping  : 0 RouterFunction(s) in 'routerFunctionMapping'
2022-05-13 01:41:36.931 TRACE 864 --- [    Test worker] o.s.w.s.handler.SimpleUrlHandlerMapping  : Mapped [/webjars/**] onto ResourceHttpRequestHandler [classpath [META-INF/resources/webjars/]]
2022-05-13 01:41:36.933 TRACE 864 --- [    Test worker] o.s.w.s.handler.SimpleUrlHandlerMapping  : Mapped [/**] onto ResourceHttpRequestHandler [classpath [META-INF/resources/], classpath [resources/], classpath [static/], classpath [public/], ServletContext [/]]
2022-05-13 01:41:36.934 DEBUG 864 --- [    Test worker] o.s.w.s.handler.SimpleUrlHandlerMapping  : Patterns [/webjars/**, /**] in 'resourceHandlerMapping'
2022-05-13 01:41:37.025 DEBUG 864 --- [    Test worker] .m.m.a.ExceptionHandlerExceptionResolver : ControllerAdvice beans: 0 @ExceptionHandler, 1 ResponseBodyAdvice
2022-05-13 01:41:38.697  INFO 864 --- [    Test worker] o.s.b.t.m.w.SpringBootMockServletContext : Initializing Spring TestDispatcherServlet ''
2022-05-13 01:41:38.699  INFO 864 --- [    Test worker] o.s.t.web.servlet.TestDispatcherServlet  : Initializing Servlet ''
2022-05-13 01:41:38.702  INFO 864 --- [    Test worker] o.s.t.web.servlet.TestDispatcherServlet  : Completed initialization in 1 ms
2022-05-13 01:41:38.781 TRACE 864 --- [    Test worker] o.s.w.c.s.GenericWebApplicationContext   : Using LifecycleProcessor [org.springframework.context.support.DefaultLifecycleProcessor@1bf5da0b]
2022-05-13 01:41:38.788  INFO 864 --- [    Test worker] c.e.app.controller.UserControllerTest    : Started UserControllerTest in 7.86 seconds (JVM running for 90.023)
2022-05-13 01:41:38.815 TRACE 864 --- [    Test worker] s.w.s.m.m.a.RequestMappingHandlerMapping : Mapped to com.example.app.controller.UserController#newForm(Model)
2022-05-13 01:41:38.819 TRACE 864 --- [    Test worker] o.s.web.method.HandlerMethod             : Arguments: [{}]
2022-05-13 01:41:38.821 TRACE 864 --- [    Test worker] s.w.s.m.m.a.RequestMappingHandlerAdapter : Applying default cacheSeconds=-1
2022-05-13 01:41:38.906 DEBUG 864 --- [    Test worker] o.s.w.s.v.ContentNegotiatingViewResolver : Selected '*/*' given [*/*]

MockHttpServletRequest:
      HTTP Method = GET
      Request URI = /users/new
       Parameters = {}
          Headers = []
             Body = null
    Session Attrs = {}

Handler:
             Type = com.example.app.controller.UserController
           Method = com.example.app.controller.UserController#newForm(Model)

Async:
    Async started = false
     Async result = null

Resolved Exception:
             Type = null

ModelAndView:
        View name = users/new
             View = null
        Attribute = contactForm
            value = com.example.app.entity.ContactForm@153a5d88
           errors = []

FlashMap:
       Attributes = null

MockHttpServletResponse:
           Status = 200
    Error message = null
          Headers = [Content-Language:"en", Content-Type:"text/html;charset=UTF-8"]
     Content type = text/html;charset=UTF-8
             Body = <!DOCTYPE html>
<html>
  <head>
    <meta charset="UTF-8" />
    <meta
      name="viewport"
      content="width=device-width, initial-scale=1, shrink-to-fit=no"
    />
    <title>New Contact</title>
    <link
      rel="stylesheet"
      href="/webjars/bootstrap/5.1.3/css/bootstrap.min.css"
    />
  </head>
  <body>
    <div class="container">
      <h1>New Contact</h1>
      <form
        action="/users/confirm"
        method="post"
      >
        <div class="form-group">
          <label class="control-label">名前</label>
          <input
            class="form-control"
            type="text"
            name="name" id="name" value=""
          />
        </div>
        <div class="form-group">
          <label class="control-label">メールアドレス</label>
          <input
            class="form-control"
            type="text"
            name="email" id="email" value=""
          />
        </div>
        <div class="form-group">
          <label class="control-label">お問合せ内容</label>
          <input
            class="form-control"
            type="text"
            name="inquiry" id="inquiry" value=""
          />
        </div>
        <button class="btn btn-primary" type="submit">作成</button>
      </form>
      <div class="pull-right">
        <a class="btn btn-link" href="/users">一覧画面へ</a>
      </div>
    </div>
    <script src="/webjars/bootstrap/5.1.3/js/bootstrap.min.js"></script>
  </body>
</html>

    Forwarded URL = null
   Redirected URL = null
          Cookies = []
2022-05-13 01:41:39.023 TRACE 864 --- [    Test worker] s.w.s.m.m.a.RequestMappingHandlerMapping : Mapped to com.example.app.controller.UserController#confirm(String, String, String, Model)
2022-05-13 01:41:39.028 TRACE 864 --- [    Test worker] o.s.web.method.HandlerMethod             : Arguments: [a, aa, aaa, {}]
2022-05-13 01:41:39.030 TRACE 864 --- [    Test worker] s.w.s.m.m.a.RequestMappingHandlerAdapter : Applying default cacheSeconds=-1
2022-05-13 01:41:39.032 DEBUG 864 --- [    Test worker] o.s.w.s.v.ContentNegotiatingViewResolver : Selected '*/*' given [*/*]
2022-05-13 01:41:39.089 TRACE 864 --- [    Test worker] s.w.s.m.m.a.RequestMappingHandlerMapping : Mapped to com.example.app.controller.UserController#create(User)
2022-05-13 01:41:39.101 TRACE 864 --- [    Test worker] o.s.web.method.HandlerMethod             : Arguments: [{id:null,name:a,email:aa,inquiry:aaa}]
2022-05-13 01:41:39.120 TRACE 864 --- [    Test worker] s.w.s.m.m.a.RequestMappingHandlerAdapter : Applying default cacheSeconds=-1
2022-05-13 01:41:39.122 DEBUG 864 --- [    Test worker] o.s.w.s.v.ContentNegotiatingViewResolver : Selected '*/*' given [*/*]
2022-05-13 01:41:39.161 TRACE 864 --- [    Test worker] s.w.s.m.m.a.RequestMappingHandlerMapping : Mapped to com.example.app.controller.UserController#index(Model)
2022-05-13 01:41:39.164 TRACE 864 --- [    Test worker] o.s.web.method.HandlerMethod             : Arguments: [{}]
2022-05-13 01:41:39.185 TRACE 864 --- [    Test worker] s.w.s.m.m.a.RequestMappingHandlerAdapter : Applying default cacheSeconds=-1
2022-05-13 01:41:39.187 DEBUG 864 --- [    Test worker] o.s.w.s.v.ContentNegotiatingViewResolver : Selected '*/*' given [*/*]

MockHttpServletRequest:
      HTTP Method = GET
      Request URI = /users
       Parameters = {}
          Headers = []
             Body = null
    Session Attrs = {}

Handler:
             Type = com.example.app.controller.UserController
           Method = com.example.app.controller.UserController#index(Model)

Async:
    Async started = false
     Async result = null

Resolved Exception:
             Type = null

ModelAndView:
        View name = users/index
             View = null
        Attribute = users
            value = [{id:1,name:aaa,email:aa@aa.com,inquiry:aaaaa}, {id:2,name:aaa,email:aaa,inquiry:aaa}, {id:3,name:a,email:a,inquiry:a}, {id:4,name:a,email:a,inquiry:a}, {id:5,name:a,email:aaaa,inquiry:aaaa}, {id:6,name:a,email:aa,inquiry:aaa}, {id:7,name:a,email:aa,inquiry:aaa}, {id:8,name:aa,email:aa,inquiry:aaa}, {id:9,name:aa,email:aa,inquiry:aaa}, {id:10,name:a,email:aa,inquiry:aaa}, {id:11,name:a,email:aa,inquiry:aaa}, {id:12,name:a,email:aa,inquiry:aaa}, {id:13,name:a,email:aa,inquiry:aaa}, {id:14,name:a,email:aa,inquiry:aaa}, {id:15,name:a,email:aa,inquiry:aaa}, {id:17,name:a,email:aa,inquiry:aaa}, {id:19,name:a,email:aa,inquiry:aaa}, {id:21,name:a,email:aa,inquiry:aaa}, {id:24,name:a,email:aa,inquiry:aaa}, {id:27,name:a,email:aa,inquiry:aaa}]

FlashMap:
       Attributes = null

MockHttpServletResponse:
           Status = 200
    Error message = null
          Headers = [Content-Language:"en", Content-Type:"text/html;charset=UTF-8"]
     Content type = text/html;charset=UTF-8
             Body = <!DOCTYPE html>
<html lang="ja">
  <head>
    <meta charset="UTF-8" />
    <meta
      name="viewport"
      content="width=device-width, initial-scale=1, shrink-to-fit=no"
    />
    <title>一覧画面</title>
    <link
      rel="stylesheet"
      href="/webjars/bootstrap/5.1.3/css/bootstrap.min.css"
    />
  </head>
  <body>
    <div class="container">
      <h2>一覧画面</h2>
      
      <table class="table">
        <thead>
          <tr>
            <th>id</th>
            <th>名前</th>
            <th>メールアドレス</th>
            <th>お問合せ内容</th>
          </tr>
        </thead>
        <tbody>
          <td>1</td>
          <td>aaa</td>
          <td>aa@aa.com</td>
          <td>aaaaa</td>
        </tbody>
        <tbody>
          <td>2</td>
          <td>aaa</td>
          <td>aaa</td>
          <td>aaa</td>
        </tbody>
        <tbody>
          <td>3</td>
          <td>a</td>
          <td>a</td>
          <td>a</td>
        </tbody>
        <tbody>
          <td>4</td>
          <td>a</td>
          <td>a</td>
          <td>a</td>
        </tbody>
        <tbody>
          <td>5</td>
          <td>a</td>
          <td>aaaa</td>
          <td>aaaa</td>
        </tbody>
        <tbody>
          <td>6</td>
          <td>a</td>
          <td>aa</td>
          <td>aaa</td>
        </tbody>
        <tbody>
          <td>7</td>
          <td>a</td>
          <td>aa</td>
          <td>aaa</td>
        </tbody>
        <tbody>
          <td>8</td>
          <td>aa</td>
          <td>aa</td>
          <td>aaa</td>
        </tbody>
        <tbody>
          <td>9</td>
          <td>aa</td>
          <td>aa</td>
          <td>aaa</td>
        </tbody>
        <tbody>
          <td>10</td>
          <td>a</td>
          <td>aa</td>
          <td>aaa</td>
        </tbody>
        <tbody>
          <td>11</td>
          <td>a</td>
          <td>aa</td>
          <td>aaa</td>
        </tbody>
        <tbody>
          <td>12</td>
          <td>a</td>
          <td>aa</td>
          <td>aaa</td>
        </tbody>
        <tbody>
          <td>13</td>
          <td>a</td>
          <td>aa</td>
          <td>aaa</td>
        </tbody>
        <tbody>
          <td>14</td>
          <td>a</td>
          <td>aa</td>
          <td>aaa</td>
        </tbody>
        <tbody>
          <td>15</td>
          <td>a</td>
          <td>aa</td>
          <td>aaa</td>
        </tbody>
        <tbody>
          <td>17</td>
          <td>a</td>
          <td>aa</td>
          <td>aaa</td>
        </tbody>
        <tbody>
          <td>19</td>
          <td>a</td>
          <td>aa</td>
          <td>aaa</td>
        </tbody>
        <tbody>
          <td>21</td>
          <td>a</td>
          <td>aa</td>
          <td>aaa</td>
        </tbody>
        <tbody>
          <td>24</td>
          <td>a</td>
          <td>aa</td>
          <td>aaa</td>
        </tbody>
        <tbody>
          <td>27</td>
          <td>a</td>
          <td>aa</td>
          <td>aaa</td>
        </tbody>
      </table>
    </div>
    <script src="/webjars/bootstrap/5.1.3/js/bootstrap.min.js"></script>
  </body>
</html>

    Forwarded URL = null
   Redirected URL = null
          Cookies = []
]]></system-out>
  <system-err><![CDATA[]]></system-err>
</testsuite>
