<?xml version="1.0" encoding="UTF-8"?>
<testsuite name="com.example.app.controller.HelloControllerTest" tests="1" skipped="0" failures="0" errors="0" timestamp="2022-04-27T06:43:07" hostname="6e2fc4910185" time="0.0">
  <properties/>
  <testcase name="init処理が走って200が返る()" classname="com.example.app.controller.HelloControllerTest" time="0.0"/>
  <system-out><![CDATA[]]></system-out>
  <system-err><![CDATA[]]></system-err>
</testsuite>
