<?xml version="1.0" encoding="UTF-8"?>
<testsuite name="com.example.app.DBSelectTest" tests="1" skipped="0" failures="0" errors="0" timestamp="2022-05-13T01:41:11" hostname="df655297cae3" time="2.089">
  <properties/>
  <testcase name="dbから正常にデータを取得できるか()" classname="com.example.app.DBSelectTest" time="2.089"/>
  <system-out><![CDATA[2022-05-13 01:41:02.108  INFO 864 --- [    Test worker] .b.t.c.SpringBootTestContextBootstrapper : Neither @ContextConfiguration nor @ContextHierarchy found for test class [com.example.app.DBSelectTest], using SpringBootContextLoader
2022-05-13 01:41:02.116  INFO 864 --- [    Test worker] o.s.t.c.support.AbstractContextLoader    : Could not detect default resource locations for test class [com.example.app.DBSelectTest]: no resource found for suffixes {-context.xml, Context.groovy}.
2022-05-13 01:41:02.118  INFO 864 --- [    Test worker] t.c.s.AnnotationConfigContextLoaderUtils : Could not detect default configuration classes for test class [com.example.app.DBSelectTest]: DBSelectTest does not declare any static, non-private, non-final, nested classes annotated with @Configuration.
2022-05-13 01:41:02.157  INFO 864 --- [    Test worker] .b.t.c.SpringBootTestContextBootstrapper : Found @SpringBootConfiguration com.example.app.AppApplication for test class com.example.app.DBSelectTest
2022-05-13 01:41:02.176  INFO 864 --- [    Test worker] .b.t.c.SpringBootTestContextBootstrapper : Using TestExecutionListeners: [org.springframework.test.context.support.DependencyInjectionTestExecutionListener@7d970d26, org.springframework.test.context.transaction.TransactionalTestExecutionListener@1ae559ac, com.github.springtestdbunit.DbUnitTestExecutionListener@6fa90149]

  .   ____          _            __ _ _
 /\\ / ___'_ __ _ _(_)_ __  __ _ \ \ \ \
( ( )\___ | '_ | '_| | '_ \/ _` | \ \ \ \
 \\/  ___)| |_)| | | | | || (_| |  ) ) ) )
  '  |____| .__|_| |_|_| |_\__, | / / / /
 =========|_|==============|___/=/_/_/_/
 :: Spring Boot ::                (v2.6.7)

2022-05-13 01:41:02.451  INFO 864 --- [    Test worker] com.example.app.DBSelectTest             : Starting DBSelectTest using Java 15.0.2 on df655297cae3 with PID 864 (started by root in /srv)
2022-05-13 01:41:02.453  INFO 864 --- [    Test worker] com.example.app.DBSelectTest             : No active profile set, falling back to 1 default profile: "default"
2022-05-13 01:41:02.481 TRACE 864 --- [    Test worker] o.s.w.c.s.GenericWebApplicationContext   : Refreshing org.springframework.web.context.support.GenericWebApplicationContext@3d573851, started on Fri May 13 01:41:02 UTC 2022
2022-05-13 01:41:03.869  INFO 864 --- [    Test worker] .s.d.r.c.RepositoryConfigurationDelegate : Bootstrapping Spring Data JPA repositories in DEFAULT mode.
2022-05-13 01:41:03.933  INFO 864 --- [    Test worker] .s.d.r.c.RepositoryConfigurationDelegate : Finished Spring Data repository scanning in 60 ms. Found 1 JPA repository interfaces.
2022-05-13 01:41:04.612 TRACE 864 --- [    Test worker] o.s.w.c.s.GenericWebApplicationContext   : No 'messageSource' bean, using [Empty MessageSource]
2022-05-13 01:41:04.615 TRACE 864 --- [    Test worker] o.s.w.c.s.GenericWebApplicationContext   : No 'applicationEventMulticaster' bean, using [SimpleApplicationEventMulticaster]
2022-05-13 01:41:04.892  INFO 864 --- [    Test worker] com.zaxxer.hikari.HikariDataSource       : HikariPool-2 - Starting...
2022-05-13 01:41:04.940  INFO 864 --- [    Test worker] com.zaxxer.hikari.HikariDataSource       : HikariPool-2 - Start completed.
2022-05-13 01:41:05.399  INFO 864 --- [    Test worker] o.hibernate.jpa.internal.util.LogHelper  : HHH000204: Processing PersistenceUnitInfo [name: default]
2022-05-13 01:41:05.692  INFO 864 --- [    Test worker] org.hibernate.dialect.Dialect            : HHH000400: Using dialect: org.hibernate.dialect.MySQL8Dialect
2022-05-13 01:41:05.883  INFO 864 --- [    Test worker] o.h.e.t.j.p.i.JtaPlatformInitiator       : HHH000490: Using JtaPlatform implementation: [org.hibernate.engine.transaction.jta.platform.internal.NoJtaPlatform]
2022-05-13 01:41:05.885  INFO 864 --- [    Test worker] j.LocalContainerEntityManagerFactoryBean : Initialized JPA EntityManagerFactory for persistence unit 'default'
2022-05-13 01:41:07.541  WARN 864 --- [    Test worker] JpaBaseConfiguration$JpaWebConfiguration : spring.jpa.open-in-view is enabled by default. Therefore, database queries may be performed during view rendering. Explicitly configure spring.jpa.open-in-view to disable this warning
2022-05-13 01:41:08.243 DEBUG 864 --- [    Test worker] s.w.s.m.m.a.RequestMappingHandlerAdapter : ControllerAdvice beans: 0 @ModelAttribute, 0 @InitBinder, 1 RequestBodyAdvice, 1 ResponseBodyAdvice
2022-05-13 01:41:08.427 TRACE 864 --- [    Test worker] s.w.s.m.m.a.RequestMappingHandlerMapping : 
	c.e.a.AppApplication:
	{ [/]}: helloWorld()
2022-05-13 01:41:08.434 TRACE 864 --- [    Test worker] s.w.s.m.m.a.RequestMappingHandlerMapping : 
	c.e.a.c.UserController:
	{GET [/users]}: index(Model)
	{GET [/users/new]}: newForm(Model)
	{POST [/users]}: create(User)
	{POST [/users/confirm]}: confirm(String,String,String,Model)
2022-05-13 01:41:08.440 TRACE 864 --- [    Test worker] s.w.s.m.m.a.RequestMappingHandlerMapping : 
	o.s.b.a.w.s.e.BasicErrorController:
	{ [/error]}: error(HttpServletRequest)
	{ [/error], produces [text/html]}: errorHtml(HttpServletRequest,HttpServletResponse)
2022-05-13 01:41:08.444 DEBUG 864 --- [    Test worker] s.w.s.m.m.a.RequestMappingHandlerMapping : 7 mappings in 'requestMappingHandlerMapping'
2022-05-13 01:41:08.524  INFO 864 --- [    Test worker] o.s.b.a.w.s.WelcomePageHandlerMapping    : Adding welcome page template: index
2022-05-13 01:41:08.837 DEBUG 864 --- [    Test worker] o.s.w.s.h.BeanNameUrlHandlerMapping      : Detected 0 mappings in 'beanNameHandlerMapping'
2022-05-13 01:41:08.923 TRACE 864 --- [    Test worker] o.s.w.s.f.support.RouterFunctionMapping  : 0 RouterFunction(s) in 'routerFunctionMapping'
2022-05-13 01:41:09.025 TRACE 864 --- [    Test worker] o.s.w.s.handler.SimpleUrlHandlerMapping  : Mapped [/webjars/**] onto ResourceHttpRequestHandler [classpath [META-INF/resources/webjars/]]
2022-05-13 01:41:09.027 TRACE 864 --- [    Test worker] o.s.w.s.handler.SimpleUrlHandlerMapping  : Mapped [/**] onto ResourceHttpRequestHandler [classpath [META-INF/resources/], classpath [resources/], classpath [static/], classpath [public/], ServletContext [/]]
2022-05-13 01:41:09.029 DEBUG 864 --- [    Test worker] o.s.w.s.handler.SimpleUrlHandlerMapping  : Patterns [/webjars/**, /**] in 'resourceHandlerMapping'
2022-05-13 01:41:09.120 DEBUG 864 --- [    Test worker] .m.m.a.ExceptionHandlerExceptionResolver : ControllerAdvice beans: 0 @ExceptionHandler, 1 ResponseBodyAdvice
2022-05-13 01:41:10.921 TRACE 864 --- [    Test worker] o.s.w.c.s.GenericWebApplicationContext   : Using LifecycleProcessor [org.springframework.context.support.DefaultLifecycleProcessor@31ad8fa6]
2022-05-13 01:41:10.927  INFO 864 --- [    Test worker] com.example.app.DBSelectTest             : Started DBSelectTest in 8.718 seconds (JVM running for 62.127)
2022-05-13 01:41:11.219  INFO 864 --- [    Test worker] o.s.t.c.transaction.TransactionContext   : Began transaction (1) for test context [DefaultTestContext@9eb7e21 testClass = DBSelectTest, testInstance = com.example.app.DBSelectTest@794790c4, testMethod = dbから正常にデータを取得できるか@DBSelectTest, testException = [null], mergedContextConfiguration = [WebMergedContextConfiguration@1c62cf40 testClass = DBSelectTest, locations = '{}', classes = '{class com.example.app.AppApplication}', contextInitializerClasses = '[]', activeProfiles = '{}', propertySourceLocations = '{}', propertySourceProperties = '{org.springframework.boot.test.context.SpringBootTestContextBootstrapper=true}', contextCustomizers = set[org.springframework.boot.test.autoconfigure.actuate.metrics.MetricsExportContextCustomizerFactory$DisableMetricExportContextCustomizer@7a1f45ed, org.springframework.boot.test.autoconfigure.properties.PropertyMappingContextCustomizer@0, org.springframework.boot.test.autoconfigure.web.servlet.WebDriverContextCustomizerFactory$Customizer@8ee0c23, [ImportsContextCustomizer@65bff8ce key = [org.springframework.boot.test.context.TestConfiguration]], org.springframework.boot.test.context.filter.ExcludeFilterContextCustomizer@763cf5b9, org.springframework.boot.test.json.DuplicateJsonObjectContextCustomizerFactory$DuplicateJsonObjectContextCustomizer@3ed03652, org.springframework.boot.test.mock.mockito.MockitoContextCustomizer@0, org.springframework.boot.test.web.client.TestRestTemplateContextCustomizer@5fac521d, org.springframework.boot.test.web.reactive.server.WebTestClientContextCustomizer@7f08caf, org.springframework.boot.test.context.SpringBootTestArgs@1, org.springframework.boot.test.context.SpringBootTestWebEnvironment@29ef6856], resourceBasePath = 'src/main/webapp', contextLoader = 'org.springframework.boot.test.context.SpringBootContextLoader', parent = [null]], attributes = map['org.springframework.test.context.web.ServletTestExecutionListener.activateListener' -> true, 'com.github.springtestdbunit.DbUnitTestExecutionListener.connection' -> com.github.springtestdbunit.DatabaseConnections@3777882e, 'com.github.springtestdbunit.DbUnitTestExecutionListener.databseOperationLookup' -> com.github.springtestdbunit.operation.DefaultDatabaseOperationLookup@72f3ffb4, 'com.github.springtestdbunit.DbUnitTestExecutionListener.dataSetLoader' -> com.example.app.CsvDataSetLoader@78e12665]]; transaction manager [org.springframework.orm.jpa.JpaTransactionManager@143b0272]; rollback [true]
2022-05-13 01:41:11.770  WARN 864 --- [    Test worker] o.dbunit.dataset.AbstractTableMetaData   : Potential problem found: The configured data type factory 'class org.dbunit.dataset.datatype.DefaultDataTypeFactory' might cause problems with the current database 'MySQL' (e.g. some datatypes may not be supported properly). In rare cases you might see this message because the list of supported database products is incomplete (list=[derby]). If so please request a java-class update via the forums.If you are using your own IDataTypeFactory extending DefaultDataTypeFactory, ensure that you override getValidDbProducts() to specify the supported database products.
2022-05-13 01:41:13.238  INFO 864 --- [    Test worker] o.s.t.c.transaction.TransactionContext   : Rolled back transaction for test: [DefaultTestContext@9eb7e21 testClass = DBSelectTest, testInstance = com.example.app.DBSelectTest@794790c4, testMethod = dbから正常にデータを取得できるか@DBSelectTest, testException = [null], mergedContextConfiguration = [WebMergedContextConfiguration@1c62cf40 testClass = DBSelectTest, locations = '{}', classes = '{class com.example.app.AppApplication}', contextInitializerClasses = '[]', activeProfiles = '{}', propertySourceLocations = '{}', propertySourceProperties = '{org.springframework.boot.test.context.SpringBootTestContextBootstrapper=true}', contextCustomizers = set[org.springframework.boot.test.autoconfigure.actuate.metrics.MetricsExportContextCustomizerFactory$DisableMetricExportContextCustomizer@7a1f45ed, org.springframework.boot.test.autoconfigure.properties.PropertyMappingContextCustomizer@0, org.springframework.boot.test.autoconfigure.web.servlet.WebDriverContextCustomizerFactory$Customizer@8ee0c23, [ImportsContextCustomizer@65bff8ce key = [org.springframework.boot.test.context.TestConfiguration]], org.springframework.boot.test.context.filter.ExcludeFilterContextCustomizer@763cf5b9, org.springframework.boot.test.json.DuplicateJsonObjectContextCustomizerFactory$DuplicateJsonObjectContextCustomizer@3ed03652, org.springframework.boot.test.mock.mockito.MockitoContextCustomizer@0, org.springframework.boot.test.web.client.TestRestTemplateContextCustomizer@5fac521d, org.springframework.boot.test.web.reactive.server.WebTestClientContextCustomizer@7f08caf, org.springframework.boot.test.context.SpringBootTestArgs@1, org.springframework.boot.test.context.SpringBootTestWebEnvironment@29ef6856], resourceBasePath = 'src/main/webapp', contextLoader = 'org.springframework.boot.test.context.SpringBootContextLoader', parent = [null]], attributes = map['org.springframework.test.context.web.ServletTestExecutionListener.activateListener' -> true, 'com.github.springtestdbunit.DbUnitTestExecutionListener.connection' -> com.github.springtestdbunit.DatabaseConnections@3777882e, 'com.github.springtestdbunit.DbUnitTestExecutionListener.databseOperationLookup' -> com.github.springtestdbunit.operation.DefaultDatabaseOperationLookup@72f3ffb4, 'com.github.springtestdbunit.DbUnitTestExecutionListener.dataSetLoader' -> com.example.app.CsvDataSetLoader@78e12665]]
]]></system-out>
  <system-err><![CDATA[]]></system-err>
</testsuite>
